[    0.000000] Initializing cgroup subsys cpuset
[    0.000000] Initializing cgroup subsys cpu
[    0.000000] Initializing cgroup subsys cpuacct
[    0.000000] Linux version 4.4.0-141-generic (buildd@lcy01-amd64-006) (gcc version 5.4.0 20160609 (Ubuntu 5.4.0-6ubuntu1~16.04.10) ) #167-Ubuntu SMP Wed Dec 5 10:40:15 UTC 2018 (Ubuntu 4.4.0-141.167-generic 4.4.162)
[    0.000000] Command line: BOOT_IMAGE=/boot/vmlinuz-4.4.0-141-generic root=LABEL=cloudimg-rootfs ro console=tty1 console=ttyS0
[    0.000000] KERNEL supported cpus:
[    0.000000]   Intel GenuineIntel
[    0.000000]   AMD AuthenticAMD
[    0.000000]   Centaur CentaurHauls
[    0.000000] x86/fpu: xstate_offset[2]:  576, xstate_sizes[2]:  256
[    0.000000] x86/fpu: Supporting XSAVE feature 0x01: 'x87 floating point registers'
[    0.000000] x86/fpu: Supporting XSAVE feature 0x02: 'SSE registers'
[    0.000000] x86/fpu: Supporting XSAVE feature 0x04: 'AVX registers'
[    0.000000] x86/fpu: Enabled xstate features 0x7, context size is 832 bytes, using 'standard' format.
[    0.000000] e820: BIOS-provided physical RAM map:
[    0.000000] BIOS-e820: [mem 0x0000000000000000-0x000000000009fbff] usable
[    0.000000] BIOS-e820: [mem 0x000000000009fc00-0x000000000009ffff] reserved
[    0.000000] BIOS-e820: [mem 0x00000000000f0000-0x00000000000fffff] reserved
[    0.000000] BIOS-e820: [mem 0x0000000000100000-0x00000000dffeffff] usable
[    0.000000] BIOS-e820: [mem 0x00000000dfff0000-0x00000000dfffffff] ACPI data
[    0.000000] BIOS-e820: [mem 0x00000000fec00000-0x00000000fec00fff] reserved
[    0.000000] BIOS-e820: [mem 0x00000000fee00000-0x00000000fee00fff] reserved
[    0.000000] BIOS-e820: [mem 0x00000000fffc0000-0x00000000ffffffff] reserved
[    0.000000] BIOS-e820: [mem 0x0000000100000000-0x000000011fffffff] usable
[    0.000000] NX (Execute Disable) protection: active
[    0.000000] SMBIOS 2.5 present.
[    0.000000] Hypervisor detected: KVM
[    0.000000] Kernel/User page tables isolation: disabled
[    0.000000] e820: last_pfn = 0x120000 max_arch_pfn = 0x400000000
[    0.000000] MTRR: Disabled
[    0.000000] x86/PAT: MTRRs disabled, skipping PAT initialization too.
[    0.000000] CPU MTRRs all blank - virtualized system.
[    0.000000] x86/PAT: Configuration [0-7]: WB  WT  UC- UC  WB  WT  UC- UC  
[    0.000000] e820: last_pfn = 0xdfff0 max_arch_pfn = 0x400000000
[    0.000000] found SMP MP-table at [mem 0x0009fff0-0x0009ffff] mapped at [ffff88000009fff0]
[    0.000000] Scanning 1 areas for low memory corruption
[    0.000000] RAMDISK: [mem 0x3630c000-0x3717dfff]
[    0.000000] ACPI: Early table checksum verification disabled
[    0.000000] ACPI: RSDP 0x00000000000E0000 000024 (v02 VBOX  )
[    0.000000] ACPI: XSDT 0x00000000DFFF0030 00003C (v01 VBOX   VBOXXSDT 00000001 ASL  00000061)
[    0.000000] ACPI: FACP 0x00000000DFFF00F0 0000F4 (v04 VBOX   VBOXFACP 00000001 ASL  00000061)
[    0.000000] ACPI: DSDT 0x00000000DFFF0470 0021FF (v02 VBOX   VBOXBIOS 00000002 INTL 20180105)
[    0.000000] ACPI: FACS 0x00000000DFFF0200 000040
[    0.000000] ACPI: FACS 0x00000000DFFF0200 000040
[    0.000000] ACPI: APIC 0x00000000DFFF0240 00005C (v02 VBOX   VBOXAPIC 00000001 ASL  00000061)
[    0.000000] ACPI: SSDT 0x00000000DFFF02A0 0001CC (v01 VBOX   VBOXCPUT 00000002 INTL 20180105)
[    0.000000] No NUMA configuration found
[    0.000000] Faking a node at [mem 0x0000000000000000-0x000000011fffffff]
[    0.000000] NODE_DATA(0) allocated [mem 0x11fff7000-0x11fffbfff]
[    0.000000] kvm-clock: Using msrs 4b564d01 and 4b564d00
[    0.000000] kvm-clock: cpu 0, msr 1:1ffef001, primary cpu clock
[    0.000000] kvm-clock: using sched offset of 2974290798 cycles
[    0.000000] clocksource: kvm-clock: mask: 0xffffffffffffffff max_cycles: 0x1cd42e4dffb, max_idle_ns: 881590591483 ns
[    0.000000] Zone ranges:
[    0.000000]   DMA      [mem 0x0000000000001000-0x0000000000ffffff]
[    0.000000]   DMA32    [mem 0x0000000001000000-0x00000000ffffffff]
[    0.000000]   Normal   [mem 0x0000000100000000-0x000000011fffffff]
[    0.000000]   Device   empty
[    0.000000] Movable zone start for each node
[    0.000000] Early memory node ranges
[    0.000000]   node   0: [mem 0x0000000000001000-0x000000000009efff]
[    0.000000]   node   0: [mem 0x0000000000100000-0x00000000dffeffff]
[    0.000000]   node   0: [mem 0x0000000100000000-0x000000011fffffff]
[    0.000000] Initmem setup node 0 [mem 0x0000000000001000-0x000000011fffffff]
[    0.000000] ACPI: PM-Timer IO Port: 0x4008
[    0.000000] IOAPIC[0]: apic_id 2, version 32, address 0xfec00000, GSI 0-23
[    0.000000] ACPI: INT_SRC_OVR (bus 0 bus_irq 0 global_irq 2 dfl dfl)
[    0.000000] ACPI: INT_SRC_OVR (bus 0 bus_irq 9 global_irq 9 high level)
[    0.000000] Using ACPI (MADT) for SMP configuration information
[    0.000000] smpboot: Allowing 2 CPUs, 0 hotplug CPUs
[    0.000000] PM: Registered nosave memory: [mem 0x00000000-0x00000fff]
[    0.000000] PM: Registered nosave memory: [mem 0x0009f000-0x0009ffff]
[    0.000000] PM: Registered nosave memory: [mem 0x000a0000-0x000effff]
[    0.000000] PM: Registered nosave memory: [mem 0x000f0000-0x000fffff]
[    0.000000] PM: Registered nosave memory: [mem 0xdfff0000-0xdfffffff]
[    0.000000] PM: Registered nosave memory: [mem 0xe0000000-0xfebfffff]
[    0.000000] PM: Registered nosave memory: [mem 0xfec00000-0xfec00fff]
[    0.000000] PM: Registered nosave memory: [mem 0xfec01000-0xfedfffff]
[    0.000000] PM: Registered nosave memory: [mem 0xfee00000-0xfee00fff]
[    0.000000] PM: Registered nosave memory: [mem 0xfee01000-0xfffbffff]
[    0.000000] PM: Registered nosave memory: [mem 0xfffc0000-0xffffffff]
[    0.000000] e820: [mem 0xe0000000-0xfebfffff] available for PCI devices
[    0.000000] Booting paravirtualized kernel on KVM
[    0.000000] clocksource: refined-jiffies: mask: 0xffffffff max_cycles: 0xffffffff, max_idle_ns: 7645519600211568 ns
[    0.000000] setup_percpu: NR_CPUS:512 nr_cpumask_bits:512 nr_cpu_ids:2 nr_node_ids:1
[    0.000000] PERCPU: Embedded 34 pages/cpu @ffff88011fc00000 s99608 r8192 d31464 u1048576
[    0.000000] PV qspinlock hash table entries: 256 (order: 0, 4096 bytes)
[    0.000000] Built 1 zonelists in Node order, mobility grouping on.  Total pages: 1032056
[    0.000000] Policy zone: Normal
[    0.000000] Kernel command line: BOOT_IMAGE=/boot/vmlinuz-4.4.0-141-generic root=LABEL=cloudimg-rootfs ro console=tty1 console=ttyS0
[    0.000000] PID hash table entries: 4096 (order: 3, 32768 bytes)
[    0.000000] Memory: 4028224K/4193848K available (8568K kernel code, 1314K rwdata, 4008K rodata, 1528K init, 1316K bss, 165624K reserved, 0K cma-reserved)
[    0.000000] SLUB: HWalign=64, Order=0-3, MinObjects=0, CPUs=2, Nodes=1
[    0.000000] Hierarchical RCU implementation.
[    0.000000] 	Build-time adjustment of leaf fanout to 64.
[    0.000000] 	RCU restricting CPUs from NR_CPUS=512 to nr_cpu_ids=2.
[    0.000000] RCU: Adjusting geometry for rcu_fanout_leaf=64, nr_cpu_ids=2
[    0.000000] NR_IRQS:33024 nr_irqs:440 16
[    0.000000] Console: colour VGA+ 80x25
[    0.000000] console [tty1] enabled
[    0.000000] console [ttyS0] enabled
[    0.000000] tsc: Detected 2994.372 MHz processor
[    0.000000] tsc: Marking TSC unstable due to TSCs unsynchronized
[    0.008000] Calibrating delay loop (skipped) preset value.. 5988.74 BogoMIPS (lpj=11977488)
[    0.008004] pid_max: default: 32768 minimum: 301
[    0.009622] ACPI: Core revision 20150930
[    0.012905] ACPI: 2 ACPI AML tables successfully acquired and loaded
[    0.020196] Security Framework initialized
[    0.024003] Yama: becoming mindful.
[    0.028014] AppArmor: AppArmor initialized
[    0.030282] Dentry cache hash table entries: 524288 (order: 10, 4194304 bytes)
[    0.033326] Inode-cache hash table entries: 262144 (order: 9, 2097152 bytes)
[    0.036613] Mount-cache hash table entries: 8192 (order: 4, 65536 bytes)
[    0.039032] Mountpoint-cache hash table entries: 8192 (order: 4, 65536 bytes)
[    0.039992] Initializing cgroup subsys io
[    0.040006] Initializing cgroup subsys memory
[    0.044009] Initializing cgroup subsys devices
[    0.048009] Initializing cgroup subsys freezer
[    0.052006] Initializing cgroup subsys net_cls
[    0.056013] Initializing cgroup subsys perf_event
[    0.060014] Initializing cgroup subsys net_prio
[    0.064011] Initializing cgroup subsys hugetlb
[    0.065717] Initializing cgroup subsys pids
[    0.072811] mce: CPU supports 0 MCE banks
[    0.076018] Last level iTLB entries: 4KB 1024, 2MB 1024, 4MB 512
[    0.080003] Last level dTLB entries: 4KB 1536, 2MB 1536, 4MB 768, 1GB 0
[    0.082815] Spectre V2 : Spectre mitigation: LFENCE not serializing. Switching to generic retpoline
[    0.084003] Spectre V2 : Mitigation: Full generic retpoline
[    0.088004] Spectre V2 : Spectre v2 mitigation: Speculation control IBPB not-supported IBRS not-supported
[    0.091441] Spectre V2 : Spectre v2 / SpectreRSB mitigation: Filling RSB on context switch
[    0.096004] Speculative Store Bypass: Mitigation: Speculative Store Bypass disabled via prctl and seccomp
[    0.101946] Freeing SMP alternatives memory: 32K
[    0.111104] ftrace: allocating 32291 entries in 127 pages
[    0.140070] smpboot: APIC(0) Converting physical 0 to logical package 0
[    0.144004] smpboot: Max logical packages: 1
[    0.148199] x2apic enabled
[    0.152004] Switched APIC routing to physical x2apic.
[    0.156870] ..TIMER: vector=0x30 apic1=0 pin1=2 apic2=-1 pin2=-1
[    0.164000] smpboot: CPU0: AMD Ryzen 7 1700 Eight-Core Processor (family: 0x17, model: 0x1, stepping: 0x1)
[    0.168011] Performance Events: Broken PMU hardware detected, using software events only.
[    0.172002] Failed to access perfctr msr (MSR c0010007 is 0)
[    0.172795] KVM setup paravirtual spinlock
[    0.174404] x86: Booting SMP configuration:
[    0.176003] .... node  #0, CPUs:      #1
[    0.008000] kvm-clock: cpu 1, msr 1:1ffef041, secondary cpu clock
[    0.008000] mce: CPU supports 0 MCE banks
[    0.185345] x86: Booted up 1 node, 2 CPUs
[    0.186096] smpboot: Total of 2 processors activated (11977.48 BogoMIPS)
[    0.187130] devtmpfs: initialized
[    0.189590] evm: security.selinux
[    0.191090] evm: security.SMACK64
[    0.192002] evm: security.SMACK64EXEC
[    0.192551] evm: security.SMACK64TRANSMUTE
[    0.194165] evm: security.SMACK64MMAP
[    0.194634] evm: security.ima
[    0.195045] evm: security.capability
[    0.195624] clocksource: jiffies: mask: 0xffffffff max_cycles: 0xffffffff, max_idle_ns: 7645041785100000 ns
[    0.196015] futex hash table entries: 512 (order: 3, 32768 bytes)
[    0.197859] pinctrl core: initialized pinctrl subsystem
[    0.200083] RTC time: 10:42:16, date: 06/18/19
[    0.204447] NET: Registered protocol family 16
[    0.220010] cpuidle: using governor ladder
[    0.236017] cpuidle: using governor menu
[    0.240010] PCCT header not found.
[    0.244244] ACPI: bus type PCI registered
[    0.248004] acpiphp: ACPI Hot Plug PCI Controller Driver version: 0.5
[    0.252107] PCI: Using configuration type 1 for base access
[    0.256003] PCI: Using configuration type 1 for extended access
[    0.272183] ACPI: Added _OSI(Module Device)
[    0.276022] ACPI: Added _OSI(Processor Device)
[    0.280004] ACPI: Added _OSI(3.0 _SCP Extensions)
[    0.284004] ACPI: Added _OSI(Processor Aggregator Device)
[    0.288997] ACPI: Executed 1 blocks of module-level executable AML code
[    0.302386] ACPI: Interpreter enabled
[    0.304015] ACPI: (supports S0 S5)
[    0.308003] ACPI: Using IOAPIC for interrupt routing
[    0.312206] PCI: Using host bridge windows from ACPI; if necessary, use "pci=nocrs" and report a bug
[    0.320086] ACPI: PCI Root Bridge [PCI0] (domain 0000 [bus 00-ff])
[    0.324014] acpi PNP0A03:00: _OSC: OS supports [ExtendedConfig ASPM ClockPM Segments MSI]
[    0.328056] acpi PNP0A03:00: _OSC: OS now controls [PCIeHotplug PME AER PCIeCapability]
[    0.336229] PCI host bridge to bus 0000:00
[    0.340005] pci_bus 0000:00: root bus resource [io  0x0000-0x0cf7 window]
[    0.344004] pci_bus 0000:00: root bus resource [io  0x0d00-0xffff window]
[    0.348017] pci_bus 0000:00: root bus resource [mem 0x000a0000-0x000bffff window]
[    0.352008] pci_bus 0000:00: root bus resource [mem 0xe0000000-0xffdfffff window]
[    0.356005] pci_bus 0000:00: root bus resource [bus 00-ff]
[    0.364746] pci 0000:00:01.1: legacy IDE quirk: reg 0x10: [io  0x01f0-0x01f7]
[    0.368004] pci 0000:00:01.1: legacy IDE quirk: reg 0x14: [io  0x03f6]
[    0.372006] pci 0000:00:01.1: legacy IDE quirk: reg 0x18: [io  0x0170-0x0177]
[    0.376009] pci 0000:00:01.1: legacy IDE quirk: reg 0x1c: [io  0x0376]
[    0.430182] pci 0000:00:07.0: quirk: [io  0x4000-0x403f] claimed by PIIX4 ACPI
[    0.432016] pci 0000:00:07.0: quirk: [io  0x4100-0x410f] claimed by PIIX4 SMB
[    0.514250] ACPI: PCI Interrupt Link [LNKA] (IRQs 5 9 10 *11)
[    0.528454] ACPI: PCI Interrupt Link [LNKB] (IRQs 5 9 10 *11)
[    0.537003] ACPI: PCI Interrupt Link [LNKC] (IRQs 5 9 *10 11)
[    0.552321] ACPI: PCI Interrupt Link [LNKD] (IRQs 5 *9 10 11)
[    0.572385] ACPI: Enabled 2 GPEs in block 00 to 07
[    0.580143] vgaarb: setting as boot device: PCI:0000:00:02.0
[    0.584000] vgaarb: device added: PCI:0000:00:02.0,decodes=io+mem,owns=io+mem,locks=none
[    0.584005] vgaarb: loaded
[    0.588002] vgaarb: bridge control possible 0000:00:02.0
[    0.592264] SCSI subsystem initialized
[    0.596113] ACPI: bus type USB registered
[    0.600025] usbcore: registered new interface driver usbfs
[    0.604025] usbcore: registered new interface driver hub
[    0.608037] usbcore: registered new device driver usb
[    0.612088] PCI: Using ACPI for IRQ routing
[    0.616238] NetLabel: Initializing
[    0.620002] NetLabel:  domain hash size = 128
[    0.624006] NetLabel:  protocols = UNLABELED CIPSOv4
[    0.628023] NetLabel:  unlabeled traffic allowed by default
[    0.632065] amd_nb: Cannot enumerate AMD northbridges
[    0.636038] clocksource: Switched to clocksource kvm-clock
[    0.807407] AppArmor: AppArmor Filesystem Enabled
[    0.946004] pnp: PnP ACPI init
[    0.952053] pnp: PnP ACPI: found 3 devices
[    0.975645] clocksource: acpi_pm: mask: 0xffffff max_cycles: 0xffffff, max_idle_ns: 2085701024 ns
[    1.243192] NET: Registered protocol family 2
[    1.376074] TCP established hash table entries: 32768 (order: 6, 262144 bytes)
[    1.590710] TCP bind hash table entries: 32768 (order: 7, 524288 bytes)
[    1.788829] TCP: Hash tables configured (established 32768 bind 32768)
[    1.988766] UDP hash table entries: 2048 (order: 4, 65536 bytes)
[    2.168521] UDP-Lite hash table entries: 2048 (order: 4, 65536 bytes)
[    2.357781] NET: Registered protocol family 1
[    2.481787] pci 0000:00:00.0: Limiting direct PCI/PCI transfers
[    2.633054] pci 0000:00:01.0: Activating ISA DMA hang workarounds
[    2.730268] Unpacking initramfs...
[    3.027215] Freeing initrd memory: 14792K
[    3.143358] PCI-DMA: Using software bounce buffering for IO (SWIOTLB)
[    3.319652] software IO TLB [mem 0xdbff0000-0xdfff0000] (64MB) mapped at [ffff8800dbff0000-ffff8800dffeffff]
[    3.617801] clocksource: tsc: mask: 0xffffffffffffffff max_cycles: 0x2b29812ce43, max_idle_ns: 440795323173 ns
[    3.883011] platform rtc_cmos: registered platform RTC device (no PNP device found)
[    4.094234] Scanning for low memory corruption every 60 seconds
[    4.269306] audit: initializing netlink subsys (disabled)
[    4.487495] audit: type=2000 audit(1560854542.688:1): initialized
[    4.680945] Initialise system trusted keyring
[    4.730031] HugeTLB registered 2 MB page size, pre-allocated 0 pages
[    4.905534] zbud: loaded
[    4.980915] VFS: Disk quotas dquot_6.6.0
[    5.172976] VFS: Dquot-cache hash table entries: 512 (order 0, 4096 bytes)
[    5.408363] squashfs: version 4.0 (2009/01/31) Phillip Lougher
[    5.586401] fuse init (API version 7.23)
[    5.703548] Key type big_key registered
[    5.811227] Allocating IMA MOK and blacklist keyrings.
[    5.926027] Key type asymmetric registered
[    6.052756] Asymmetric key parser 'x509' registered
[    6.205752] Block layer SCSI generic (bsg) driver version 0.4 loaded (major 249)
[    6.484999] io scheduler noop registered
[    6.601189] io scheduler deadline registered (default)
[    6.762203] io scheduler cfq registered
[    6.899457] pci_hotplug: PCI Hot Plug PCI Core version: 0.5
[    7.071307] pciehp: PCI Express Hot Plug Controller Driver version: 0.4
[    7.295476] ACPI: AC Adapter [AC] (on-line)
[    7.437718] input: Power Button as /devices/LNXSYSTM:00/LNXPWRBN:00/input/input0
[    7.738279] ACPI: Power Button [PWRF]
[    7.883005] input: Sleep Button as /devices/LNXSYSTM:00/LNXSLPBN:00/input/inptt1
[    8.196028] ACPI: Sleep Button [SLPF]
[    8.362369] GHES: HEST is not enabled!
[    8.511170] Serial: 8250/16550 driver, 32 ports, IRQ sharing enabled
[    8.764992] 00:02: ttyS0 at I/O 0x3f8 (irq = 4, base_baud = 115200) is a 16550A
[    9.141690] Linux agpgart interface v0.103
[    9.314668] loop: module loaded
[    9.409390] scsi host0: ata_piix
[    9.513160] scsi host1: ata_piix
[    9.654126] ata1: PATA max UDMA/33 cmd 0x1f0 ctl 0x3f6 bmdma 0xd000 irq 14
[    9.950135] ata2: PATA max UDMA/33 cmd 0x170 ctl 0x376 bmdma 0xd008 irq 15
[   10.250330] libphy: Fixed MDIO Bus: probed
[   10.402461] tun: Universal TUN/TAP device driver, 1.6
[   10.579937] tun: (C) 1999-2004 Max Krasnyansky <maxk@qualcomm.com>
[   10.788929] PPP generic driver version 2.4.2
[   10.934866] ehci_hcd: USB 2.0 'Enhanced' Host Controller (EHCI) Driver
[   11.145138] ehci-pci: EHCI PCI platform driver
[   11.327888] ehci-platform: EHCI generic platform driver
[   11.497452] ohci_hcd: USB 1.1 'Open' Host Controller (OHCI) Driver
[   11.738137] ohci-pci: OHCI PCI platform driver
[   11.922149] ohci-platform: OHCI generic platform driver
[   12.133313] uhci_hcd: USB Universal Host Controller Interface driver
[   12.438312] i8042: PNP: PS/2 Controller [PNP0303:PS2K,PNP0f03:PS2M] at 0x60,0x64 irq 1,12
[   12.806521] serio: i8042 KBD port at 0x60,0x64 irq 1
[   12.989448] serio: i8042 AUX port at 0x60,0x64 irq 12
[   13.191578] mousedev: PS/2 mouse device common for all mice
[   13.375236] input: AT Translated Set 2 keyboard as /devices/platform/i8042/serio0/input/input2
[   13.380906] rtc_cmos rtc_cmos: rtc core: registered rtc_cmos as rtc0
[   13.381030] rtc_cmos rtc_cmos: alarms up to one day, 114 bytes nvram
[   13.381054] i2c /dev entries driver
[   13.381171] device-mapper: uevent: version 1.0.3
[   13.381291] device-mapper: ioctl: 4.34.0-ioctl (2015-10-28) initialised: dm-devel@redhat.com
[   13.381330] ledtrig-cpu: registered to indicate activity on CPUs
[   13.381876] NET: Registered protocol family 10
[   13.382157] NET: Registered protocol family 17
[   13.382184] Key type dns_resolver registered
[   13.382623] registered taskstats version 1
[   13.382649] Loading compiled-in X.509 certificates
[   13.383850] Loaded X.509 cert 'Build time autogenerated kernel key: 7c9fb337b82e5a343493fe891c556beae1895c7c'
[   13.383880] zswap: loaded using pool lzo/zbud
[   13.386592] Key type trusted registered
[   13.389180] Key type encrypted registered
[   13.389185] AppArmor: AppArmor sha1 policy hashing enabled
[   13.389188] ima: No TPM chip found, activating TPM-bypass!
[   13.389193] ima: Allocated hash algorithm: sha1
[   13.389207] evm: HMAC attrs: 0x1
[   13.389547]   Magic number: 7:97:730
[   13.633704] rtc_cmos rtc_cmos: setting system clock to 2019-06-18 10:42:37 UTC (1560854557)
[   13.824311] BIOS EDD facility v0.16 2004-Jun-25, 0 devices found
[   13.824312] EDD information not available.
[   17.489631] Freeing unused kernel memory: 1528K
[   17.644098] Write protecting the kernel read-only data: 14336k
[   17.730326] Freeing unused kernel memory: 1660K
[   17.776562] Freeing unused kernel memory: 88K
Loading, please [   17.835984] random: systemd-udevd: uninitialized urandom read (16 bytes read, 7 bits of entropy available)
wait...
starting version 229
[   17.836242] random: udevadm: uninitialized urandom read (16 bytes read, 7 bits of entropy available)
[   17.836264] random: udevadm: uninitialized urandom read (16 bytes read, 7 bits of entropy available)
[   17.845185] random: udevadm: uninitialized urandom read (16 bytes read, 7 bits of entropy available)
[   17.845225] random: udevadm: uninitialized urandom read (16 bytes read, 7 bits of entropy available)
[   17.845344] random: udevadm: uninitialized urandom read (16 bytes read, 7 bits of entropy available)
[   17.845390] random: udevadm: uninitialized urandom read (16 bytes read, 7 bits of entropy available)
[   17.845439] random: udevadm: uninitialized urandom read (16 bytes read, 7 bits of entropy available)
[   17.845504] random: udevadm: uninitialized urandom read (16 bytes read, 7 bits of entropy available)
[   17.845548] random: udevadm: uninitialized urandom read (16 bytes read, 7 bits of entropy available)
[   19.724199] e1000: Intel(R) PRO/1000 Network Driver - version 7.3.21-k8-NAPI
[   19.752825] e1000: Copyright (c) 1999-2006 Intel Corporation.
[   19.913020] Fusion MPT base driver 3.04.20
[   20.057091] Copyright (c) 1999-2008 LSI Corporation
[   20.219871] Fusion MPT SPI Host driver 3.04.20
[   20.356597] AVX version of gcm_enc/dec engaged.
[   20.492990] AES CTR mode by8 optimization enabled
[   20.533353] input: ImExPS/2 Generic Explorer Mouse as /devices/platform/i8042/serio1/input/input4
[   20.820060] e1000 0000:00:03.0 eth0: (PCI:33MHz:32-bit) 02:f2:ad:b6:19:8d
[   21.098197] e1000 0000:00:03.0 eth0: Intel(R) PRO/1000 Network Connection
[   21.323205] mptbase: ioc0: Initiating bringup
[   21.408476] ioc0: LSI53C1030 A0: Capabilities={Initiator}
[   21.649286] scsi host2: ioc0: LSI53C1030 A0, FwRev=00000000h, Ports=1, MaxQ=256, IRQ=20
[   22.004647] scsi 2:0:0:0: Direct-Access     VBOX     HARDDISK         1.0  PQ: 0 ANSI: 5
[   22.253661] scsi target2:0:0: Beginning Domain Validation
[   22.331128] e1000 0000:00:08.0 eth1: (PCI:33MHz:32-bit) 08:00:27:58:40:d2
[   22.331133] e1000 0000:00:08.0 eth1: Intel(R) PRO/1000 Network Connection
[   22.497731] scsi target2:0:0: Domain Validation skipping write tests
[   22.535955] scsi target2:0:0: Ending Domain Validation
[   22.568624] scsi target2:0:0: asynchronous
[   22.593221] scsi 2:0:1:0: Direct-Access     VBOX     HARDDISK         1.0  PQ: 0 ANSI: 5
[   22.662939] e1000 0000:00:09.0 eth2: (PCI:33MHz:32-bit) 08:00:27:c3:2a:46
[   22.662941] e1000 0000:00:09.0 eth2: Intel(R) PRO/1000 Network Connection
[   22.994815] e1000 0000:00:0a.0 eth3: (PCI:33MHz:32-bit) 08:00:27:38:bd:c7
[   22.994817] e1000 0000:00:0a.0 eth3: Intel(R) PRO/1000 Network Connection
[   23.327276] e1000 0000:00:10.0 eth4: (PCI:33MHz:32-bit) 08:00:27:a8:e3:06
[   23.327277] e1000 0000:00:10.0 eth4: Intel(R) PRO/1000 Network Connection
[   23.624505] e1000 0000:00:03.0 enp0s3: renamed from eth0
[   24.222282] scsi target2:0:1: Beginning Domain Validation
[   24.385701] scsi target2:0:1: Domain Validation skipping write tests
[   24.577291] scsi target2:0:1: Ending Domain Validation
[   24.668675] scsi target2:0:1: asynchronous
[   24.779477] sd 2:0:0:0: Attached scsi generic sg0 type 0
[   24.779574] sd 2:0:0:0: [sda] 20971520 512-byte logical blocks: (10.7 GB/10.0 GiB)
[   24.779842] sd 2:0:0:0: [sda] Write Protect is off
[   24.779976] sd 2:0:0:0: [sda] Incomplete mode parameter data
[   24.779979] sd 2:0:0:0: [sda] Assuming drive cache: write through
[   24.781281] e1000 0000:00:08.0 enp0s8: renamed from eth1
[   24.784897]  sda: sda1
[   24.785927] sd 2:0:0:0: [sda] Attached SCSI disk
[   26.165280] sd 2:0:1:0: [sdb] 20480 512-byte logical blocks: (10.5 MB/10.0 MiB)
[   26.165284] sd 2:0:1:0: Attached scsi generic sg1 type 0
[   26.172753] e1000 0000:00:0a.0 enp0s10: renamed from eth3
[   26.793063] sd 2:0:1:0: [sdb] Write Protect is off
[   26.872011] sd 2:0:1:0: [sdb] Incomplete mode parameter data
[   26.907427] sd 2:0:1:0: [sdb] Assuming drive cache: write through
[   26.910945] sd 2:0:1:0: [sdb] Attached SCSI disk
[   26.940389] e1000 0000:00:10.0 enp0s16: renamed from eth4
[   26.972381] e1000 0000:00:09.0 enp0s9: renamed from eth2
Begin: Loading e[   28.296596] md: linear personality registered for level -1
ssential drivers[   28.508198] md: multipath personality registered for level -4
 ... [   28.704039] md: raid0 personality registered for level 0
[   28.857404] md: raid1 personality registered for level 1
[   29.098934] raid6: sse2x1   gen()  6748 MB/s
[   29.313848] raid6: sse2x1   xor()  6727 MB/s
[   29.532149] raid6: sse2x2   gen() 15029 MB/s
[   29.740234] raid6: sse2x2   xor()  8966 MB/s
[   29.944115] raid6: sse2x4   gen() 16624 MB/s
[   30.176515] raid6: sse2x4   xor()  8015 MB/s
[   30.311399] raid6: using algorithm sse2x4 gen() 16624 MB/s
[   30.444092] raid6: .... xor() 8015 MB/s, rmw enabled
[   30.599257] raid6: using ssse3x2 recovery algorithm
[   30.756842] xor: automatically using best checksumming function:
[   30.976087]    avx       : 10302.000 MB/sec
[   31.105102] async_tx: api initialized (async)
[   31.276613] md: raid6 personality registered for level 6
[   31.445832] md: raid5 personality registered for level 5
[   31.612851] md: raid4 personality registered for level 4
[   31.776912] md: raid10 personality registered for level 10
done.
Begin: Running /scripts/init-premount ...[   32.015472] Btrfs loaded
 done.
Begin: Mounting root file system ... Beg[   32.124984] EXT4-fs (sda1): mounted filesystem with ordered data mode. Opts: (null)
in: Running /scripts/local-top ... done.
Begin: Running /scripts/local-premount ... Scanning for Btrfs filesystems
done.
Warning: fsck not present, so skipping root file system
done.
Begin: Running /scripts/local-bottom ... done.
Begin: Running /scripts/init-bottom ... done.
[   32.460892] systemd[1]: systemd 229 running in system mode. (+PAM +AUDIT +SELINUX +IMA +APPARMOR +SMACK +SYSVINIT +UTMP +LIBCRYPTSETUP +GCRYPT +GNUTLS +ACL +XZ -LZ4 +SECCOMP +BLKID +ELFUTILS +KMOD -IDN)
[   32.510000] systemd[1]: Detected virtualization oracle.
[   32.715108] systemd[1]: Detected architecture x86-64.

Welcome to [1mUbuntu 16.04.5 LTS[0m!

[   32.904573] systemd[1]: Set hostname to <ubuntu>.
[   33.010406] systemd[1]: Initializing machine ID from random generator.
[   33.018602] systemd[1]: Installed transient /etc/machine-id file.
[   33.102479] random: nonblocking pool is initialized
[   33.171863] systemd[1]: Listening on LVM2 metadata daemon socket.
[[0;32m  OK  [0m] Listening on LVM2 metadata daemon socket.
[   33.392829] systemd[1]: Set up automount Arbitrary Executable File Formats File System Automount Point.
[[0;32m  OK  [0m] Set up automount Arbitrary Executab...ats File System Automount Point.
[   33.532344] systemd[1]: Listening on udev Control Socket.
[[0;32m  OK  [0m] Listening on udev Control Socket.
[   33.568405] systemd[1]: Listening on udev Kernel Socket.
[[0;32m  OK  [0m] Listening on udev Kernel Socket.
[   33.760350] systemd[1]: Reached target User and Group Name Lookups.
[[0;32m  OK  [0m] Reached target User and Group Name Lookups.
[   34.024230] systemd[1]: Listening on /dev/initctl Compatibility Named Pipe.
[[0;32m  OK  [0m] Listening on /dev/initctl Compatibility Named Pipe.
[   34.308430] systemd[1]: Created slice System Slice.
[[0;32m  OK  [0m] Created slice System Slice.
[   34.492253] systemd[1]: Reached target System Time Synchronized.
[[0;32m  OK  [0m] Reached target System Time Synchronized.
[   34.684283] systemd[1]: Started Trigger resolvconf update for networkd DNS.
[[0;32m  OK  [0m] Started Trigger resolvconf update for networkd DNS.
[   34.760322] systemd[1]: Listening on LVM2 poll daemon socket.
[[0;32m  OK  [0m] Listening on LVM2 poll daemon socket.
[   34.952155] systemd[1]: Reached target Encrypted Volumes.
[[0;32m  OK  [0m] Reached target Encrypted Volumes.
[   35.120384] systemd[1]: Created slice User and Session Slice.
[[0;32m  OK  [0m] Created slice User and Session Slice.
[   35.296256] systemd[1]: Reached target Slices.
[[0;32m  OK  [0m] Reached target Slices.
[   35.440220] systemd[1]: Reached target Swap.
[[0;32m  OK  [0m] Reached target Swap.
[   35.576300] systemd[1]: Listening on Device-mapper event daemon FIFOs.
[[0;32m  OK  [0m] Listening on Device-mapper event daemon FIFOs.
[   35.736680] systemd[1]: Started Forward Password Requests to Wall Directory Watch.
[[0;32m  OK  [0m] Started Forward Password Requests to Wall Directory Watch.
[   35.741619] systemd[1]: Listening on Journal Socket (/dev/log).
[[0;32m  OK  [0m] Listening on Journal Socket (/dev/log).
[   35.757104] systemd[1]: Created slice system-serial\x2dgetty.slice.
[[0;32m  OK  [0m] Created slice system-serial\x2dgetty.slice.
[   35.758990] systemd[1]: Listening on Syslog Socket.
[[0;32m  OK  [0m] Listening on Syslog Socket.
[   35.760773] systemd[1]: Listening on Journal Audit Socket.
[[0;32m  OK  [0m] Listening on Journal Audit Socket.
[   35.768899] systemd[1]: Listening on Journal Socket.
[[0;32m  OK  [0m] Listening on Journal Socket.
[   35.780339] systemd[1]: Starting Uncomplicated firewall...
         Starting Uncomplicated firewall...
[   35.806262] systemd[1]: Starting Journal Service...
         Starting Journal Service...
[   35.904226] systemd[1]: Mounting Huge Pages File System...
         Mounting Huge Pages File System...
[   35.937312] systemd[1]: Mounting Debug File System...
         Mounting Debug File System...
[   35.939328] systemd[1]: Starting Nameserver information manager...
         Starting Nameserver information manager...
[   35.941536] systemd[1]: Starting Monitoring of LVM2 mirrors, snapshots etc. using dmeventd or progress polling...
         Starting Monitoring of LVM2 mirrors... dmeventd or progress polling...
[   35.955154] systemd[1]: Starting Remount Root and Kernel File Systems...
         Starting Remount Root and Kernel File Systems...
[   35.959491] systemd[1]: Starting Set console keymap...
         Starting Set console keymap...
[   35.962362] EXT4-fs (sda1): re-mounted. Opts: (null)
[   35.965311] systemd[1]: Mounting POSIX Message Queue File System...
         Mounting POSIX Message Queue File System...
[   35.970216] systemd[1]: Starting Create list of required static device nodes for the current kernel...
         Starting Create list of required st... nodes for the current kernel...
[   35.978821] systemd[1]: Starting Load Kernel Modules...
         Starting Load Kernel Modules...
[   35.985356] Loading iSCSI transport class v2.0-870.
[   36.138866] iscsi: registered transport (tcp)
[   36.157301] systemd[1]: Mounted POSIX Message Queue File System.
[[0;32m  OK  [0m] Mounted POSIX Message Queue File System.
[   36.519534] iscsi: registered transport (iser)
[   36.668805] systemd[1]: Mounted Huge Pages File System.
[[0;32m  OK  [0m] Mounted Huge Pages File System.
[   36.896365] systemd[1]: Mounted Debug File System.
[[0;32m  OK  [0m] Mounted Debug File System.
[   37.076315] systemd[1]: Started Journal Service.
[[0;32m  OK  [0m] Started Journal Service.
[[0;32m  OK  [0m] Started Uncomplicated firewall.
[[0;32m  OK  [0m] Started Remount Root and Kernel File Systems.
[[0;32m  OK  [0m] Started Set console keymap.
[[0;32m  OK  [0m] Started Create list of required sta...ce nodes for the current kernel.
[[0;32m  OK  [0m] Started Load Kernel Modules.
[[0;32m  OK  [0m] Started Nameserver information manager.
[[0;32m  OK  [0m] Started LVM2 metadata daemon.
         Starting Apply Kernel Variables...
         Mounting FUSE Control File System...
         Starting Create Static Device Nodes in /dev...
         Starting Load/Save Random Seed...
         Starting udev Coldplug all Devices...
         Starting Flush Journal to Persistent Storage...
[[0;32m  OK  [0m] Mounted FUSE Control File System.
[[0;32m  OK  [0m] Started Apply Kernel Variables.
[[0;32m  OK  [0m] Started Create Static Device Nodes in /dev.
[[0;32m  OK  [0m] Started Load/Save Random Seed.
[[0;32m  OK  [0m] Started Monitoring of LVM2 mirrors,...ng dmeventd or progress polling.
[[0;32m  OK  [0m] Started udev Coldplug all Devices.
[[0;32m  OK  [0m] Started Flush Journal to Persistent Storage.
         Starting udev Kernel Device Manager...
[[0;32m  OK  [0m] Reached target Local File Systems (Pre).
[[0;32m  OK  [0m] Reached target Local File Systems.
         Starting Create Volatile Files and Directories...
         Starting Initial cloud-init job (pre-networking)...
         Starting Commit a transient machine-id on disk...
         Starting LSB: AppArmor initialization...
         Starting Set console font and keymap...
         Starting Tell Plymouth To Write Out Runtime Data...
[[0;32m  OK  [0m] Started udev Kernel Device Manager.
[[0;32m  OK  [0m] Started Create Volatile Files and Directories.
[[0;32m  OK  [0m] Started Commit a transient machine-id on disk.
[[0;32m  OK  [0m] Started Tell Plymouth To Write Out Runtime Data.
[[0;32m  OK  [0m] Found device /dev/ttyS0.
[[0;32m  OK  [0m] Listening on Load/Save RF Kill Switch Status /dev/rfkill Watch.
         Starting Update UTMP about System Boot/Shutdown...
[[0;32m  OK  [0m] Started Dispatch Password Requests to Console Directory Watch.
[   39.272769] cloud-init[485]: Cloud-init v. 18.4-0ubuntu1~16.04.2 running 'init-local' at Tue, 18 Jun 2019 10:43:02 +0000. Up 38.84 seconds.
[[0;32m  OK  [0m] Started Set console font and keymap.
[[0;32m  OK  [0m] Started LSB: AppArmor initialization.
[[0;32m  OK  [0m] Started Initial cloud-init job (pre-networking).
[[0;32m  OK  [0m] Started Update UTMP about System Boot/Shutdown.
[[0;32m  OK  [0m] Reached target Network (Pre).
         Starting Raise network interfaces...
[[0;32m  OK  [0m] Created slice system-getty.slice.
[[0;32m  OK  [0m] Started Raise network interfaces.
         Starting Initial cloud-init job (metadata service crawler)...
[[0;32m  OK  [0m] Reached target Network.
[   41.055938] cloud-init[985]: Cloud-init v. 18.4-0ubuntu1~16.04.2 running 'init' at Tue, 18 Jun 2019 10:43:04 +0000. Up 40.46 seconds.
[[0;32m  OK  [0m] Started Initial cloud-init job (metadata service crawler).
[   41.208828] cloud-init[985]: ci-info: +++++++++++++++++++++++++++++++++++++++Net device info+++++++++++++++++++++++++++++++++++++++
[   41.368482] [cloud-init[0;32m  OK  [0m[985]: ] ci-info: +---------+-------+----------------------------+---------------+--------+-------------------+Reached target System Initialization.

[   41.368896] cloud-init[985]: ci-info: |  Device |   Up  |          Address           |      Mask     | Scope  |     Hw-Address    |
[   41.628505] [cloud-init[0;32m  OK  [0m[985]: ] ci-info: +---------+-------+----------------------------+---------------+--------+-------------------+Started ACPI Events Check.

[[0;32m  OK  [0m] Reached target Paths.
[[0;32m  OK  [0m] Listening on UUID daemon activation socket.
[   41.628961] cloud-init[985]: ci-info: | enp0s10 | False |             .              |       .       |   .    | 08:00:27:38:bd:c7 |
[   41.992483] [cloud-init[0;32m  OK  [0m[985]: ] ci-info: | enp0s16 | False |             .              |       .       |   .    | 08:00:27:a8:e3:06 |Started Daily apt download activities.

[[   41.992953] cloud-init[985]: ci-info: |  enp0s3 |  True |         10.0.2.15          | 255.255.255.0 | global | 02:f2:ad:b6:19:8d |
[   42.157157] cloud-init[985]: ci-info: |  enp0s3 |  True | fe80::f2:adff:feb6:198d/64 |       .       |  link  | 02:f2:ad:b6:19:8d |[0;32m  OK  [0m
] Listening on D-Bus System Message Bus Socket.
[   42.157253] cloud-init[985]: ci-info: |  enp0s8 | False |             .              |       .       |   .    | 08:00:27:58:40:d2 |
[   42.311490] cloud-init[985]: ci-info: |  enp0s9 | False |             .              |       .       |   .    | 08:00:27:c3:2a:46 |
[   42.311734] cloud-init[985]: ci-info: |    lo   |  True |         127.0.0.1          |   255.0.0.0   |  host  |         .         |
         Starting Socket activation for snappy daemon.
[[   42.313182] cloud-init[985]: ci-info: |    lo   |  True |          ::1/128           |       .       |  host  |         .         |
[   42.316245] cloud-init[985]: ci-info: +---------+-------+----------------------------+---------------+--------+-------------------+
[   42.316818] cloud-init[985]: ci-info: +++++++++++++++++++++++++++Route IPv4 info++++++++++++++++++++++++++++
[   42.317296] cloud-init[985]: ci-info: +-------+-------------+----------+---------------+-----------+-------+
[   42.317772] cloud-init[985]: ci-info: | Route | Destination | Gateway  |    Genmask    | Interface | Flags |
[   42.318264] cloud-init[985]: ci-info: +-------+-------------+----------+---------------+-----------+-------+
[   42.318902] cloud-init[985]: ci-info: |   0   |   0.0.0.0   | 10.0.2.2 |    0.0.0.0    |   enp0s3  |   UG  |
[   42.320443] cloud-init[985]: ci-info: |   1   |   10.0.2.0  | 0.0.0.0  | 255.255.255.0 |   enp0s3  |   U   |
[   42.321687] cloud-init[985]: ci-info: +-------+-------------+----------+---------------+-----------+-------+
[0;32m  OK  [0m] Started Daily Cleanup of Temporary Directories.
[   42.321955] cloud-init[985]: ci-info: +++++++++++++++++++Route IPv6 info+++++++++++++++++++
[   42.378923] cloud-init[985]: ci-info: +-------+-------------+---------+-----------+-------+
[   42.379227] cloud-init[985]: ci-info: | Route | Destination | Gateway | Interface | Flags |
         Starting LXD - unix socket.
[[   42.379548] cloud-init[985]: ci-info: +-------+-------------+---------+-----------+-------+
[   42.387514] cloud-init[985]: ci-info: |   0   |  fe80::/64  |    ::   |   enp0s3  |   U   |
[0;32m  OK  [0m] Started Daily apt upgrade and clean activities.
[   42.388451] cloud-init[985]: ci-info: |   3   |   ff00::/8  |    ::   |   enp0s3  |   U   |
[   42.478157] cloud-init[985]: ci-info: +-------+-------------+---------+-----------+-------+
[[0;32m  OK  [0m] Reached target Timers.
[   42.478604] cloud-init[985]: Generating public/private rsa key pair.
[   42.492723] cloud-init[985]: Your identification has been saved in /etc/ssh/ssh_host_rsa_key.
[[0;32m  OK  [0m] Listening on ACPID Listen Socket.
[   42.494009] cloud-init[985]: Your public key has been saved in /etc/ssh/ssh_host_rsa_key.pub.
[   42.501073] cloud-init[985]: The key fingerprint is:
[[0;32m  OK  [0m] Reached target Network is Online.
[   42.501388] cloud-init[985]: SHA256:ktDm6UwdC7xr9JIhvVVHGSURVBjKK+ywOdf+XStpek8 root@ubuntu-xenial
[   42.509510] cloud-init[985]: The key's randomart image is:
[   42.520256]          cloud-initStarting iSCSI initiator daemon (iscsid)...[985]: 
+---[RSA 2048]----+
[   42.531476] [[0;32m  OK  [0m] Reached target Cloud-config availability.
cloud-init[[0;32m  OK  [0m] Listening on Socket activation for snappy daemon.
[[0;32m  OK  [0m] Listening on LXD - unix socket.
[985]: |           .OXo  |
[   42.584420] [[0;32m  OK  [0m] Reached target Sockets.
[[0;32m  OK  [0m] Reached target Basic System.
cloud-init[985]: |     o   . oo.   |
[   42.587582] cloud-init[985]: |    . = . + .    |
[   42.592325] cloud-init[985]: |     = B + o     |
[   42.594496] cloud-init[985]: |    . % S .      |
[   42.597748] cloud-init[985]: |     * & o       |
[   42.603124] cloud-init[985]: |      % + .   .E.|
[   42.605363] cloud-init[985]: |     . + .   *...|
[   42.605788] cloud-init[985]: |          .o= +o |
         Starting Login Service...
[   42.606016] cloud-init[985]: +----[SHA256]-----+
[   42.665510] cloud-init[985]: Generating public/private dsa key pair.
[   42.666007] cloud-init[985]: Your identification has been saved in /etc/ssh/ssh_host_dsa_key.
         Starting System Logging Service...
[   42.666135] cloud-init[985]: Your public key has been saved in /etc/ssh/ssh_host_dsa_key.pub.
[   42.804418] [cloud-init[0;32m  OK  [0m[985]: ] The key fingerprint is:Started FUSE filesystem for LXC.

[[0;32m  OK  [0m] Started Unattended Upgrades Shutdown.
[   42.804904] cloud-init[985]: SHA256:gU7h8REeUWwpJthKgCQz9aVrw07jcbvVCgsdCUpdPsY root@ubuntu-xenial
[   42.839983] cloud-init[985]: The key's randomart image is:
[   42.844774] cloud-init[985]: +---[DSA 1024]----+
[   42.864655]          Starting LSB: MD monitoring daemon...
cloud-init         Starting Accounts Service...
[985]: [[0;32m  OK  [0m] Started Deferred execution scheduler.
         Starting LSB: Record successful boot for GRUB...
|=+o. o= ==..     |
[   42.877317] [[0;32m  OK  [0m] Started Regular background program processing daemon.
cloud-init[985]: |oo ooBo*oo+      |
[   42.899279] [[0;32m  OK  [0m] Started ACPI event daemon.
cloud-init[985]: |  ..=.Eo+o       |
[   42.901135] cloud-init[985]: | . o.* o .       |
[   42.905806] cloud-init[985]: |  . O = S        |
         Starting LXD - container startup/shutdown...
[   42.924903] cloud-init[985]: |   = * o .       |
[   42.952441] cloud-init[985]: |    + + . .      |
[   42.954591] cloud-init[985]: |     . = .       |
[   42.956549] cloud-init[985]: |      o .        |
[   42.974587] cloud-init[985]: +----[SHA256]-----+
[   42.974883] cloud-init[985]: Generating public/private ecdsa key pair.
         Starting /etc/rc.local Compatibility...
[   42.975697] cloud-init[985]: Your identification has been saved in /etc/ssh/ssh_host_ecdsa_key.
         Starting Pollinate to seed the pseudo random number generator...
[[0;32m  OK  [0m] Started D-Bus System Message Bus.
[   42.991580] cloud-init[985]: Your public key has been saved in /etc/ssh/ssh_host_ecdsa_key.pub.
[   43.108435] cloud-init[985]: The key fingerprint is:
         Starting Virtualbox guest utils...
[   43.108671] cloud-init[985]: SHA256:1nRGpLrH/g/44Fnr8ENi+UUwA0HGmf/76uXsAmhDlZI root@ubuntu-xenial
         Starting Snappy daemon...
[   43.182820] cloud-init[985]: The key's randomart image is:
[   43.196713] [cloud-init[0;32m  OK  [0m[985]: ] +---[ECDSA 256]---+Started System Logging Service.

[   43.197083] [[0;32m  OK  [0m] Started iSCSI initiator daemon (iscsid).
cloud-init[985]: |         o=Bo.   |[[0;32m  OK  [0m] Started LXD - container startup/shutdown.

[[0;32m  OK  [0m] Started /etc/rc.local Compatibility.
[   43.211286] cloud-init[985]: |         .Eo*    |
[   43.250407] cloud-init[985]: |          o+o+   |
[   43.252570] cloud-init[985]: |         +.o. .  |
[   43.254776] cloud-init[985]: |        S..o o   |
[   43.256977] cloud-init[985]: |       . oB.o o  |
[   43.276394] cloud-init[985]: |        .o*=oo ..|
[[   43.297246] cloud-init[0;32m  OK  [0m[985]: ] |         + Booo+ |Started LSB: MD monitoring daemon.

[   43.304945] cloud-init[985]: |          +o*++==|
[   43.305275] cloud-init[985]: +----[SHA256]-----+
[   43.305991] cloud-init[985]: Generating public/private ed25519 key pair.
[   43.306934] cloud-init[985]: Your identification has been saved in /etc/ssh/ssh_host_ed25519_key.
[   43.307184] cloud-init[985]: Your public key has been saved in /etc/ssh/ssh_host_ed25519_key.pub.
[   43.308983] cloud-init[985]: The key fingerprint is:
[   43.309589] cloud-init[985]: SHA256:W7IIm9QXb31E7K+VxDQhAjXZwNGwE1vyC7Gjz9mSMmY root@ubuntu-xenial
[   43.309918] cloud-init[985]: The key's randomart image is:
[   43.310753] cloud-init[985]: +--[ED25519 256]--+
[   43.311224] cloud-init[985]: |         .+@B+...|
[   43.311520] cloud-init[985]: |           o%+oo |
[   43.311987] cloud-init[985]: |        .  B o+ .|
[   43.312507] cloud-init[985]: |     .   o..+.oo |
[   43.312820] cloud-init[985]: |    o . S.+ ..o..|
[   43.313150] cloud-init[985]: |   . + o *o +. .o|
[   43.313463] cloud-init[985]: |    o . oE * . o |
[   43.313783] cloud-init[985]: |        o o . .  |
[   43.314264] cloud-init[985]: |                 |
[   43.314590] cloud-init[985]: +----[SHA256]-----+
[[0;32m  OK  [0m] Started Snappy daemon.
[[0;32m  OK  [0m] Started LSB: Record successful boot for GRUB.
[[0;32m  OK  [0m] Started Login Service.
[[0;32m  OK  [0m] Started Virtualbox guest utils.
         Starting Authenticate and Authorize Users to Run Privileged Tasks...
         Starting Wait until snapd is fully seeded...
         Starting Login to default iSCSI targets...
[[0;32m  OK  [0m] Started Authenticate and Authorize Users to Run Privileged Tasks.
[[0;32m  OK  [0m] Started Accounts Service.
[[0;32m  OK  [0m] Started Login to default iSCSI targets.
[[0;32m  OK  [0m] Reached target Remote File Systems (Pre).
[[0;32m  OK  [0m] Reached target Remote File Systems.
         Starting LSB: daemon to balance interrupts for SMP systems...
         Starting Permit User Sessions...
         Starting LSB: Set the CPU Frequency Scaling governor to "ondemand"...
         Starting LSB: automatic crash report generation...
[[0;32m  OK  [0m] Started Permit User Sessions.
         Starting Terminate Plymouth Boot Screen...
         Starting Hold until boot process finishes up...
[[0;32m  OK  [0m] Started LSB: daemon to balance interrupts for SMP systems.
[[0;32m  OK  [0m] Started LSB: Set the CPU Frequency Scaling governor to "ondemand".
[[0;32m  OK  [0m] Started Terminate Plymouth Boot Screen.
[[0;32m  OK  [0m] Started Hold until boot process finishes up.
[[0;32m  OK  [0m] Started Getty on tty1.
[[0;32m  OK  [0m] Started Serial Getty on ttyS0.
[[0;32m  OK  [0m] Reached target Login Prompts.
         Starting Set console scheme...
[[0;32m  OK  [0m] Started Pollinate to seed the pseudo random number generator.
[[0;32m  OK  [0m] Started LSB: automatic crash report generation.
[[0;32m  OK  [0m] Started Set console scheme.
         Starting OpenBSD Secure Shell server...
[[0;32m  OK  [0m] Started OpenBSD Secure Shell server.
[[0;32m  OK  [0m] Created slice User Slice of vagrant.
         Starting User Manager for UID 1000...
[[0;32m  OK  [0m] Started User Manager for UID 1000.
[[0;32m  OK  [0m] Started Session 1 of user vagrant.

Ubuntu 16.04.5 LTS ubuntu-xenial ttyS0

ubuntu-xenial login: [   55.387905] cloud-init[1579]: Generating locales (this might take a while)...
[   56.002683] cloud-init[1579]:   en_US.UTF-8... done
[   56.003119] cloud-init[1579]: Generation complete.
[   56.302907] cloud-init[1579]: Cloud-init v. 18.4-0ubuntu1~16.04.2 running 'modules:config' at Tue, 18 Jun 2019 10:43:19 +0000. Up 55.29 seconds.
ci-info: no authorized ssh keys fingerprints found for user ubuntu.
<14>Jun 18 10:43:20 ec2: 
<14>Jun 18 10:43:20 ec2: #############################################################
<14>Jun 18 10:43:20 ec2: -----BEGIN SSH HOST KEY FINGERPRINTS-----
<14>Jun 18 10:43:20 ec2: 1024 SHA256:gU7h8REeUWwpJthKgCQz9aVrw07jcbvVCgsdCUpdPsY root@ubuntu-xenial (DSA)
<14>Jun 18 10:43:20 ec2: 256 SHA256:1nRGpLrH/g/44Fnr8ENi+UUwA0HGmf/76uXsAmhDlZI root@ubuntu-xenial (ECDSA)
<14>Jun 18 10:43:20 ec2: 256 SHA256:W7IIm9QXb31E7K+VxDQhAjXZwNGwE1vyC7Gjz9mSMmY root@ubuntu-xenial (ED25519)
<14>Jun 18 10:43:20 ec2: 2048 SHA256:ktDm6UwdC7xr9JIhvVVHGSURVBjKK+ywOdf+XStpek8 root@ubuntu-xenial (RSA)
<14>Jun 18 10:43:20 ec2: -----END SSH HOST KEY FINGERPRINTS-----
<14>Jun 18 10:43:20 ec2: #############################################################
-----BEGIN SSH HOST KEY KEYS-----
ecdsa-sha2-nistp256 AAAAE2VjZHNhLXNoYTItbmlzdHAyNTYAAAAIbmlzdHAyNTYAAABBBKO75neX+K9DYi2wH+bfC/OcqvtTWOknIaiCV/V6MnmQNmkoNsnSaqsEfgooIgzOKfN3bwDGUMQ06D9JTyxZaps= root@ubuntu-xenial
ssh-ed25519 AAAAC3NzaC1lZDI1NTE5AAAAII0iqo+dEanzl+N/RYqamywq0zdCnDdQPHpNccBdHuNK root@ubuntu-xenial
ssh-rsa AAAAB3NzaC1yc2EAAAADAQABAAABAQDVrXPc0mqzZAqp530LKe2Dm0joI5IJqDFDe7dCg94cd/gCNo0mcdfQbDp45aeXusf/6k5oLkXCWnjh4CCOYG+QJ9cwLdwbzh9P4YKbDzG1PhxU/RJvyF6mij4umOZnbXRtz33XZuYXUnLpwDD4JS6OSAqiyx+TDkCVkFIVwZUOz9DgnAuncKHx45giiNKsOR6crqudsTWwIpfe4fZgvNgYri4Ykg8lgyXt0ETYFsXuIaIQfX3giS1PD6y+IQg/H8i1kDjx+LKwXdzLkNKYyYL52AEYYy0xPwwGt0gP5ATq3gJ3+omuQoxrYfZVzetJKRxbYPnd8TIZSR2YG8+VaSxx root@ubuntu-xenial
-----END SSH HOST KEY KEYS-----
[   56.720183] cloud-init[1668]: Cloud-init v. 18.4-0ubuntu1~16.04.2 running 'modules:final' at Tue, 18 Jun 2019 10:43:20 +0000. Up 56.60 seconds.
[   56.720528] cloud-init[1668]: ci-info: no authorized ssh keys fingerprints found for user ubuntu.
[   56.720673] cloud-init[1668]: Cloud-init v. 18.4-0ubuntu1~16.04.2 finished at Tue, 18 Jun 2019 10:43:20 +0000. Datasource DataSourceNoCloud [seed=/dev/sdb][dsmode=net].  Up 56.71 seconds
